<?xml version="1.0" encoding="UTF-8"?>
<testng-results ignored="0" total="0" passed="0" failed="0" skipped="0">
  <reporter-output>
  </reporter-output>
  <suite started-at="2024-04-26T15:36:16 PDT" name="Default suite" finished-at="2024-04-26T15:36:21 PDT" duration-ms="4648">
    <groups>
    </groups>
    <test started-at="2024-04-26T15:36:16 PDT" name="Default test" finished-at="2024-04-26T15:36:21 PDT" duration-ms="4648">
      <class name="object.TestLoginpage">
        <test-method is-config="true" signature="setup()[pri:0, instance:object.TestLoginpage@75437611]" started-at="2024-04-26T15:36:16 PDT" name="setup" finished-at="2024-04-26T15:36:21 PDT" duration-ms="4631" status="PASS">
          <reporter-output>
          </reporter-output>
        </test-method> <!-- setup -->
      </class> <!-- object.TestLoginpage -->
    </test> <!-- Default test -->
  </suite> <!-- Default suite -->
</testng-results>
